android/app/build/intermediates/manifest_merge_blame_file/debug/manifest-merger-blame-debug-report.txt
1<?xml version="1.0" encoding="utf-8"?>
2<manifest xmlns:android="http://schemas.android.com/apk/res/android"
3    package="com.mobileproxy"
4    android:versionCode="1"
5    android:versionName="1.0.0" >
6
7    <uses-sdk
8        android:minSdkVersion="26"
9        android:targetSdkVersion="34" />
10
11    <uses-permission android:name="android.permission.INTERNET" />
11-->src\main\AndroidManifest.xml:5:5-67
11-->src\main\AndroidManifest.xml:5:22-64
12    <uses-permission android:name="android.permission.ACCESS_NETWORK_STATE" />
12-->src\main\AndroidManifest.xml:6:5-79
12-->src\main\AndroidManifest.xml:6:22-76
13    <uses-permission android:name="android.permission.ACCESS_WIFI_STATE" />
13-->src\main\AndroidManifest.xml:7:5-76
13-->src\main\AndroidManifest.xml:7:22-73
14    <uses-permission android:name="android.permission.CHANGE_NETWORK_STATE" />
14-->src\main\AndroidManifest.xml:8:5-79
14-->src\main\AndroidManifest.xml:8:22-76
15    <uses-permission android:name="android.permission.FOREGROUND_SERVICE" />
15-->src\main\AndroidManifest.xml:9:5-77
15-->src\main\AndroidManifest.xml:9:22-74
16    <uses-permission android:name="android.permission.FOREGROUND_SERVICE_SPECIAL_USE" />
16-->src\main\AndroidManifest.xml:10:5-89
16-->src\main\AndroidManifest.xml:10:22-86
17    <uses-permission android:name="android.permission.WAKE_LOCK" />
17-->src\main\AndroidManifest.xml:11:5-68
17-->src\main\AndroidManifest.xml:11:22-65
18    <uses-permission android:name="android.permission.RECEIVE_BOOT_COMPLETED" />
18-->src\main\AndroidManifest.xml:12:5-81
18-->src\main\AndroidManifest.xml:12:22-78
19    <uses-permission android:name="android.permission.REQUEST_IGNORE_BATTERY_OPTIMIZATIONS" />
19-->src\main\AndroidManifest.xml:13:5-95
19-->src\main\AndroidManifest.xml:13:22-92
20    <uses-permission android:name="android.permission.READ_PHONE_STATE" />
20-->src\main\AndroidManifest.xml:14:5-75
20-->src\main\AndroidManifest.xml:14:22-72
21    <uses-permission android:name="android.permission.POST_NOTIFICATIONS" />
21-->src\main\AndroidManifest.xml:15:5-77
21-->src\main\AndroidManifest.xml:15:22-74
22    <uses-permission android:name="android.permission.WRITE_SECURE_SETTINGS" />
22-->src\main\AndroidManifest.xml:16:5-80
22-->src\main\AndroidManifest.xml:16:22-77
23    <uses-permission android:name="android.permission.CAMERA" />
23-->src\main\AndroidManifest.xml:17:5-65
23-->src\main\AndroidManifest.xml:17:22-62
24
25    <uses-feature
25-->src\main\AndroidManifest.xml:19:5-85
26        android:name="android.hardware.camera"
26-->src\main\AndroidManifest.xml:19:19-57
27        android:required="false" />
27-->src\main\AndroidManifest.xml:19:58-82
28
29    <permission
29-->[androidx.core:core:1.12.0] AndroidManifest.xml:22:5-24:47
30        android:name="com.mobileproxy.DYNAMIC_RECEIVER_NOT_EXPORTED_PERMISSION"
30-->[androidx.core:core:1.12.0] AndroidManifest.xml:23:9-81
31        android:protectionLevel="signature" />
31-->[androidx.core:core:1.12.0] AndroidManifest.xml:24:9-44
32
33    <uses-permission android:name="com.mobileproxy.DYNAMIC_RECEIVER_NOT_EXPORTED_PERMISSION" />
33-->[androidx.core:core:1.12.0] AndroidManifest.xml:26:5-97
33-->[androidx.core:core:1.12.0] AndroidManifest.xml:26:22-94
34
35    <application
35-->src\main\AndroidManifest.xml:21:5-102:19
36        android:name="com.mobileproxy.MobileProxyApp"
36-->src\main\AndroidManifest.xml:22:9-39
37        android:allowBackup="false"
37-->src\main\AndroidManifest.xml:23:9-36
38        android:appComponentFactory="androidx.core.app.CoreComponentFactory"
38-->[androidx.core:core:1.12.0] AndroidManifest.xml:28:18-86
39        android:debuggable="true"
40        android:extractNativeLibs="false"
41        android:icon="@mipmap/ic_launcher"
41-->src\main\AndroidManifest.xml:25:9-43
42        android:label="MobileProxy"
42-->src\main\AndroidManifest.xml:26:9-36
43        android:networkSecurityConfig="@xml/network_security_config"
43-->src\main\AndroidManifest.xml:24:9-69
44        android:supportsRtl="true"
44-->src\main\AndroidManifest.xml:27:9-35
45        android:theme="@style/Theme.MaterialComponents.DayNight.DarkActionBar" >
45-->src\main\AndroidManifest.xml:28:9-79
46        <activity
46-->src\main\AndroidManifest.xml:31:9-42:20
47            android:name="com.mobileproxy.ui.MainActivity"
47-->src\main\AndroidManifest.xml:32:13-44
48            android:exported="true" >
48-->src\main\AndroidManifest.xml:33:13-36
49            <intent-filter>
49-->src\main\AndroidManifest.xml:34:13-37:29
50                <action android:name="android.intent.action.MAIN" />
50-->src\main\AndroidManifest.xml:35:17-69
50-->src\main\AndroidManifest.xml:35:25-66
51
52                <category android:name="android.intent.category.LAUNCHER" />
52-->src\main\AndroidManifest.xml:36:17-77
52-->src\main\AndroidManifest.xml:36:27-74
53            </intent-filter>
54            <intent-filter>
54-->src\main\AndroidManifest.xml:38:13-41:29
55                <action android:name="android.intent.action.ASSIST" />
55-->src\main\AndroidManifest.xml:39:17-71
55-->src\main\AndroidManifest.xml:39:25-68
56
57                <category android:name="android.intent.category.DEFAULT" />
57-->src\main\AndroidManifest.xml:40:17-76
57-->src\main\AndroidManifest.xml:40:27-73
58            </intent-filter>
59        </activity>
60        <activity
60-->src\main\AndroidManifest.xml:44:9-46:40
61            android:name="com.mobileproxy.ui.SetupActivity"
61-->src\main\AndroidManifest.xml:45:13-45
62            android:exported="false" />
62-->src\main\AndroidManifest.xml:46:13-37
63        <activity
63-->src\main\AndroidManifest.xml:48:9-50:40
64            android:name="com.mobileproxy.ui.PairingActivity"
64-->src\main\AndroidManifest.xml:49:13-47
65            android:exported="false" />
65-->src\main\AndroidManifest.xml:50:13-37
66
67        <service
67-->src\main\AndroidManifest.xml:52:9-55:40
68            android:name="com.mobileproxy.service.ProxyForegroundService"
68-->src\main\AndroidManifest.xml:53:13-59
69            android:exported="false"
69-->src\main\AndroidManifest.xml:55:13-37
70            android:foregroundServiceType="specialUse" />
70-->src\main\AndroidManifest.xml:54:13-55
71        <service
71-->src\main\AndroidManifest.xml:57:9-64:19
72            android:name="com.mobileproxy.service.ProxyVpnService"
72-->src\main\AndroidManifest.xml:58:13-52
73            android:exported="false"
73-->src\main\AndroidManifest.xml:60:13-37
74            android:permission="android.permission.BIND_VPN_SERVICE" >
74-->src\main\AndroidManifest.xml:59:13-69
75            <intent-filter>
75-->src\main\AndroidManifest.xml:61:13-63:29
76                <action android:name="android.net.VpnService" />
76-->src\main\AndroidManifest.xml:62:17-65
76-->src\main\AndroidManifest.xml:62:25-62
77            </intent-filter>
78        </service>
79        <service
79-->src\main\AndroidManifest.xml:66:9-76:19
80            android:name="com.mobileproxy.core.rotation.AirplaneModeAccessibilityService"
80-->src\main\AndroidManifest.xml:67:13-75
81            android:exported="false"
81-->src\main\AndroidManifest.xml:69:13-37
82            android:permission="android.permission.BIND_ACCESSIBILITY_SERVICE" >
82-->src\main\AndroidManifest.xml:68:13-79
83            <intent-filter>
83-->src\main\AndroidManifest.xml:70:13-72:29
84                <action android:name="android.accessibilityservice.AccessibilityService" />
84-->src\main\AndroidManifest.xml:71:17-92
84-->src\main\AndroidManifest.xml:71:25-89
85            </intent-filter>
86
87            <meta-data
87-->src\main\AndroidManifest.xml:73:13-75:72
88                android:name="android.accessibilityservice"
88-->src\main\AndroidManifest.xml:74:17-60
89                android:resource="@xml/accessibility_service_config" />
89-->src\main\AndroidManifest.xml:75:17-69
90        </service>
91        <service
91-->src\main\AndroidManifest.xml:78:9-88:19
92            android:name="com.mobileproxy.core.rotation.DigitalAssistantService"
92-->src\main\AndroidManifest.xml:79:13-66
93            android:exported="true"
93-->src\main\AndroidManifest.xml:81:13-36
94            android:permission="android.permission.BIND_VOICE_INTERACTION" >
94-->src\main\AndroidManifest.xml:80:13-75
95            <meta-data
95-->src\main\AndroidManifest.xml:82:13-84:69
96                android:name="android.voice_interaction"
96-->src\main\AndroidManifest.xml:83:17-57
97                android:resource="@xml/voice_interaction_service" />
97-->src\main\AndroidManifest.xml:84:17-66
98
99            <intent-filter>
99-->src\main\AndroidManifest.xml:85:13-87:29
100                <action android:name="android.service.voice.VoiceInteractionService" />
100-->src\main\AndroidManifest.xml:86:17-88
100-->src\main\AndroidManifest.xml:86:25-85
101            </intent-filter>
102        </service>
103        <service
103-->src\main\AndroidManifest.xml:90:9-93:40
104            android:name="com.mobileproxy.core.rotation.DigitalAssistantSessionService"
104-->src\main\AndroidManifest.xml:91:13-73
105            android:exported="false"
105-->src\main\AndroidManifest.xml:93:13-37
106            android:permission="android.permission.BIND_VOICE_INTERACTION" />
106-->src\main\AndroidManifest.xml:92:13-75
107
108        <receiver
108-->src\main\AndroidManifest.xml:95:9-101:20
109            android:name="com.mobileproxy.service.BootReceiver"
109-->src\main\AndroidManifest.xml:96:13-49
110            android:exported="true" >
110-->src\main\AndroidManifest.xml:97:13-36
111            <intent-filter>
111-->src\main\AndroidManifest.xml:98:13-100:29
112                <action android:name="android.intent.action.BOOT_COMPLETED" />
112-->src\main\AndroidManifest.xml:99:17-79
112-->src\main\AndroidManifest.xml:99:25-76
113            </intent-filter>
114        </receiver>
115
116        <service
116-->[androidx.camera:camera-camera2:1.3.1] AndroidManifest.xml:24:9-33:19
117            android:name="androidx.camera.core.impl.MetadataHolderService"
117-->[androidx.camera:camera-camera2:1.3.1] AndroidManifest.xml:25:13-75
118            android:enabled="false"
118-->[androidx.camera:camera-camera2:1.3.1] AndroidManifest.xml:26:13-36
119            android:exported="false" >
119-->[androidx.camera:camera-camera2:1.3.1] AndroidManifest.xml:27:13-37
120            <meta-data
120-->[androidx.camera:camera-camera2:1.3.1] AndroidManifest.xml:30:13-32:89
121                android:name="androidx.camera.core.impl.MetadataHolderService.DEFAULT_CONFIG_PROVIDER"
121-->[androidx.camera:camera-camera2:1.3.1] AndroidManifest.xml:31:17-103
122                android:value="androidx.camera.camera2.Camera2Config$DefaultProvider" />
122-->[androidx.camera:camera-camera2:1.3.1] AndroidManifest.xml:32:17-86
123        </service>
124
125        <provider
125-->[androidx.emoji2:emoji2:1.2.0] AndroidManifest.xml:24:9-32:20
126            android:name="androidx.startup.InitializationProvider"
126-->[androidx.emoji2:emoji2:1.2.0] AndroidManifest.xml:25:13-67
127            android:authorities="com.mobileproxy.androidx-startup"
127-->[androidx.emoji2:emoji2:1.2.0] AndroidManifest.xml:26:13-68
128            android:exported="false" >
128-->[androidx.emoji2:emoji2:1.2.0] AndroidManifest.xml:27:13-37
129            <meta-data
129-->[androidx.emoji2:emoji2:1.2.0] AndroidManifest.xml:29:13-31:52
130                android:name="androidx.emoji2.text.EmojiCompatInitializer"
130-->[androidx.emoji2:emoji2:1.2.0] AndroidManifest.xml:30:17-75
131                android:value="androidx.startup" />
131-->[androidx.emoji2:emoji2:1.2.0] AndroidManifest.xml:31:17-49
132            <meta-data
132-->[androidx.lifecycle:lifecycle-process:2.7.0] AndroidManifest.xml:29:13-31:52
133                android:name="androidx.lifecycle.ProcessLifecycleInitializer"
133-->[androidx.lifecycle:lifecycle-process:2.7.0] AndroidManifest.xml:30:17-78
134                android:value="androidx.startup" />
134-->[androidx.lifecycle:lifecycle-process:2.7.0] AndroidManifest.xml:31:17-49
135            <meta-data
135-->[androidx.profileinstaller:profileinstaller:1.3.0] AndroidManifest.xml:29:13-31:52
136                android:name="androidx.profileinstaller.ProfileInstallerInitializer"
136-->[androidx.profileinstaller:profileinstaller:1.3.0] AndroidManifest.xml:30:17-85
137                android:value="androidx.startup" />
137-->[androidx.profileinstaller:profileinstaller:1.3.0] AndroidManifest.xml:31:17-49
138        </provider>
139
140        <service
140-->[com.google.android.gms:play-services-mlkit-barcode-scanning:18.3.0] AndroidManifest.xml:9:9-15:19
141            android:name="com.google.mlkit.common.internal.MlKitComponentDiscoveryService"
141-->[com.google.android.gms:play-services-mlkit-barcode-scanning:18.3.0] AndroidManifest.xml:10:13-91
142            android:directBootAware="true"
142-->[com.google.mlkit:common:18.9.0] AndroidManifest.xml:17:13-43
143            android:exported="false" >
143-->[com.google.android.gms:play-services-mlkit-barcode-scanning:18.3.0] AndroidManifest.xml:11:13-37
144            <meta-data
144-->[com.google.android.gms:play-services-mlkit-barcode-scanning:18.3.0] AndroidManifest.xml:12:13-14:85
145                android:name="com.google.firebase.components:com.google.mlkit.vision.barcode.internal.BarcodeRegistrar"
145-->[com.google.android.gms:play-services-mlkit-barcode-scanning:18.3.0] AndroidManifest.xml:13:17-120
146                android:value="com.google.firebase.components.ComponentRegistrar" />
146-->[com.google.android.gms:play-services-mlkit-barcode-scanning:18.3.0] AndroidManifest.xml:14:17-82
147            <meta-data
147-->[com.google.mlkit:vision-common:17.3.0] AndroidManifest.xml:12:13-14:85
148                android:name="com.google.firebase.components:com.google.mlkit.vision.common.internal.VisionCommonRegistrar"
148-->[com.google.mlkit:vision-common:17.3.0] AndroidManifest.xml:13:17-124
149                android:value="com.google.firebase.components.ComponentRegistrar" />
149-->[com.google.mlkit:vision-common:17.3.0] AndroidManifest.xml:14:17-82
150            <meta-data
150-->[com.google.mlkit:common:18.9.0] AndroidManifest.xml:20:13-22:85
151                android:name="com.google.firebase.components:com.google.mlkit.common.internal.CommonComponentRegistrar"
151-->[com.google.mlkit:common:18.9.0] AndroidManifest.xml:21:17-120
152                android:value="com.google.firebase.components.ComponentRegistrar" />
152-->[com.google.mlkit:common:18.9.0] AndroidManifest.xml:22:17-82
153        </service>
154
155        <provider
155-->[com.google.mlkit:common:18.9.0] AndroidManifest.xml:9:9-13:38
156            android:name="com.google.mlkit.common.internal.MlKitInitProvider"
156-->[com.google.mlkit:common:18.9.0] AndroidManifest.xml:10:13-78
157            android:authorities="com.mobileproxy.mlkitinitprovider"
157-->[com.google.mlkit:common:18.9.0] AndroidManifest.xml:11:13-69
158            android:exported="false"
158-->[com.google.mlkit:common:18.9.0] AndroidManifest.xml:12:13-37
159            android:initOrder="99" />
159-->[com.google.mlkit:common:18.9.0] AndroidManifest.xml:13:13-35
160
161        <activity
161-->[com.google.android.gms:play-services-base:18.1.0] AndroidManifest.xml:20:9-22:45
162            android:name="com.google.android.gms.common.api.GoogleApiActivity"
162-->[com.google.android.gms:play-services-base:18.1.0] AndroidManifest.xml:20:19-85
163            android:exported="false"
163-->[com.google.android.gms:play-services-base:18.1.0] AndroidManifest.xml:22:19-43
164            android:theme="@android:style/Theme.Translucent.NoTitleBar" />
164-->[com.google.android.gms:play-services-base:18.1.0] AndroidManifest.xml:21:19-78
165
166        <meta-data
166-->[com.google.android.gms:play-services-basement:18.1.0] AndroidManifest.xml:21:9-23:69
167            android:name="com.google.android.gms.version"
167-->[com.google.android.gms:play-services-basement:18.1.0] AndroidManifest.xml:22:13-58
168            android:value="@integer/google_play_services_version" />
168-->[com.google.android.gms:play-services-basement:18.1.0] AndroidManifest.xml:23:13-66
169
170        <receiver
170-->[androidx.profileinstaller:profileinstaller:1.3.0] AndroidManifest.xml:34:9-52:20
171            android:name="androidx.profileinstaller.ProfileInstallReceiver"
171-->[androidx.profileinstaller:profileinstaller:1.3.0] AndroidManifest.xml:35:13-76
172            android:directBootAware="false"
172-->[androidx.profileinstaller:profileinstaller:1.3.0] AndroidManifest.xml:36:13-44
173            android:enabled="true"
173-->[androidx.profileinstaller:profileinstaller:1.3.0] AndroidManifest.xml:37:13-35
174            android:exported="true"
174-->[androidx.profileinstaller:profileinstaller:1.3.0] AndroidManifest.xml:38:13-36
175            android:permission="android.permission.DUMP" >
175-->[androidx.profileinstaller:profileinstaller:1.3.0] AndroidManifest.xml:39:13-57
176            <intent-filter>
176-->[androidx.profileinstaller:profileinstaller:1.3.0] AndroidManifest.xml:40:13-42:29
177                <action android:name="androidx.profileinstaller.action.INSTALL_PROFILE" />
177-->[androidx.profileinstaller:profileinstaller:1.3.0] AndroidManifest.xml:41:17-91
177-->[androidx.profileinstaller:profileinstaller:1.3.0] AndroidManifest.xml:41:25-88
178            </intent-filter>
179            <intent-filter>
179-->[androidx.profileinstaller:profileinstaller:1.3.0] AndroidManifest.xml:43:13-45:29
180                <action android:name="androidx.profileinstaller.action.SKIP_FILE" />
180-->[androidx.profileinstaller:profileinstaller:1.3.0] AndroidManifest.xml:44:17-85
180-->[androidx.profileinstaller:profileinstaller:1.3.0] AndroidManifest.xml:44:25-82
181            </intent-filter>
182            <intent-filter>
182-->[androidx.profileinstaller:profileinstaller:1.3.0] AndroidManifest.xml:46:13-48:29
183                <action android:name="androidx.profileinstaller.action.SAVE_PROFILE" />
183-->[androidx.profileinstaller:profileinstaller:1.3.0] AndroidManifest.xml:47:17-88
183-->[androidx.profileinstaller:profileinstaller:1.3.0] AndroidManifest.xml:47:25-85
184            </intent-filter>
185            <intent-filter>
185-->[androidx.profileinstaller:profileinstaller:1.3.0] AndroidManifest.xml:49:13-51:29
186                <action android:name="androidx.profileinstaller.action.BENCHMARK_OPERATION" />
186-->[androidx.profileinstaller:profileinstaller:1.3.0] AndroidManifest.xml:50:17-95
186-->[androidx.profileinstaller:profileinstaller:1.3.0] AndroidManifest.xml:50:25-92
187            </intent-filter>
188        </receiver>
189
190        <service
190-->[com.google.android.datatransport:transport-backend-cct:2.3.3] AndroidManifest.xml:29:9-35:19
191            android:name="com.google.android.datatransport.runtime.backends.TransportBackendDiscovery"
191-->[com.google.android.datatransport:transport-backend-cct:2.3.3] AndroidManifest.xml:30:13-103
192            android:exported="false" >
192-->[com.google.android.datatransport:transport-backend-cct:2.3.3] AndroidManifest.xml:31:13-37
193            <meta-data
193-->[com.google.android.datatransport:transport-backend-cct:2.3.3] AndroidManifest.xml:32:13-34:39
194                android:name="backend:com.google.android.datatransport.cct.CctBackendFactory"
194-->[com.google.android.datatransport:transport-backend-cct:2.3.3] AndroidManifest.xml:33:17-94
195                android:value="cct" />
195-->[com.google.android.datatransport:transport-backend-cct:2.3.3] AndroidManifest.xml:34:17-36
196        </service>
197        <service
197-->[com.google.android.datatransport:transport-runtime:2.2.6] AndroidManifest.xml:26:9-30:19
198            android:name="com.google.android.datatransport.runtime.scheduling.jobscheduling.JobInfoSchedulerService"
198-->[com.google.android.datatransport:transport-runtime:2.2.6] AndroidManifest.xml:27:13-117
199            android:exported="false"
199-->[com.google.android.datatransport:transport-runtime:2.2.6] AndroidManifest.xml:28:13-37
200            android:permission="android.permission.BIND_JOB_SERVICE" >
200-->[com.google.android.datatransport:transport-runtime:2.2.6] AndroidManifest.xml:29:13-69
201        </service>
202
203        <receiver
203-->[com.google.android.datatransport:transport-runtime:2.2.6] AndroidManifest.xml:32:9-34:40
204            android:name="com.google.android.datatransport.runtime.scheduling.jobscheduling.AlarmManagerSchedulerBroadcastReceiver"
204-->[com.google.android.datatransport:transport-runtime:2.2.6] AndroidManifest.xml:33:13-132
205            android:exported="false" />
205-->[com.google.android.datatransport:transport-runtime:2.2.6] AndroidManifest.xml:34:13-37
206    </application>
207
208</manifest>